<?xml version="1.0" encoding="UTF-8"?>
<!-- Generated by org.testng.reporters.JUnitReportReporter -->
<testsuite hostname="CHDSEZ578256L" failures="0" tests="1" name="com.edureka.EdurekaTest" time="112.208" errors="0" timestamp="2022-08-20T11:54:17 IST" skipped="0">
  <testcase classname="com.edureka.EdurekaTest" name="EdurekaProfile" time="112.208"/>
  <system-out/>
</testsuite> <!-- com.edureka.EdurekaTest -->
